Using pre-set license
Built from '2021.3/staging' branch; Version is '2021.3.5f1 (40eb3a945986) revision 4254522'; Using compiler version '192829333'; Build Type 'Release'
OS: 'Windows 11  (10.0.22000) 64bit Core' Language: 'zh' Physical Memory: 16067 MB
BatchMode: 1, IsHumanControllingUs: 0, StartBugReporterOnCrash: 0, Is64bit: 1, IsPro: 1

COMMAND LINE ARGUMENTS:
D:\App\Unity Hub\2021.3.5f1\Editor\Unity.exe
-adb2
-batchMode
-noUpm
-name
AssetImportWorker0
-projectPath
D:/Github/Tension/TensionPrototype
-logFile
Logs/AssetImportWorker0.log
-srvPort
62642
Successfully changed project path to: D:/Github/Tension/TensionPrototype
D:/Github/Tension/TensionPrototype
[UnityMemory] Configuration Parameters - Can be set up in boot.config
    "memorysetup-bucket-allocator-granularity=16"
    "memorysetup-bucket-allocator-bucket-count=8"
    "memorysetup-bucket-allocator-block-size=33554432"
    "memorysetup-bucket-allocator-block-count=8"
    "memorysetup-main-allocator-block-size=16777216"
    "memorysetup-thread-allocator-block-size=16777216"
    "memorysetup-gfx-main-allocator-block-size=16777216"
    "memorysetup-gfx-thread-allocator-block-size=16777216"
    "memorysetup-cache-allocator-block-size=4194304"
    "memorysetup-typetree-allocator-block-size=2097152"
    "memorysetup-profiler-bucket-allocator-granularity=16"
    "memorysetup-profiler-bucket-allocator-bucket-count=8"
    "memorysetup-profiler-bucket-allocator-block-size=33554432"
    "memorysetup-profiler-bucket-allocator-block-count=8"
    "memorysetup-profiler-allocator-block-size=16777216"
    "memorysetup-profiler-editor-allocator-block-size=1048576"
    "memorysetup-temp-allocator-size-main=16777216"
    "memorysetup-job-temp-allocator-block-size=2097152"
    "memorysetup-job-temp-allocator-block-size-background=1048576"
    "memorysetup-job-temp-allocator-reduction-small-platforms=262144"
    "memorysetup-temp-allocator-size-background-worker=32768"
    "memorysetup-temp-allocator-size-job-worker=262144"
    "memorysetup-temp-allocator-size-preload-manager=33554432"
    "memorysetup-temp-allocator-size-nav-mesh-worker=65536"
    "memorysetup-temp-allocator-size-audio-worker=65536"
    "memorysetup-temp-allocator-size-cloud-worker=32768"
    "memorysetup-temp-allocator-size-gi-baking-worker=262144"
    "memorysetup-temp-allocator-size-gfx=262144"
Refreshing native plugins compatible for Editor in 58.33 ms, found 3 plugins.
Preloading 0 native plugins for Editor in 0.00 ms.
Initialize engine version: 2021.3.5f1 (40eb3a945986)
[Subsystems] Discovering subsystems at path D:/App/Unity Hub/2021.3.5f1/Editor/Data/Resources/UnitySubsystems
[Subsystems] Discovering subsystems at path D:/Github/Tension/TensionPrototype/Assets
GfxDevice: creating device client; threaded=0; jobified=0
Direct3D:
    Version:  Direct3D 11.0 [level 11.1]
    Renderer: NVIDIA GeForce RTX 3060 Laptop GPU (ID=0x2560)
    Vendor:   NVIDIA
    VRAM:     6023 MB
    Driver:   30.0.15.1298
Initialize mono
Mono path[0] = 'D:/App/Unity Hub/2021.3.5f1/Editor/Data/Managed'
Mono path[1] = 'D:/App/Unity Hub/2021.3.5f1/Editor/Data/MonoBleedingEdge/lib/mono/unityjit-win32'
Mono config path = 'D:/App/Unity Hub/2021.3.5f1/Editor/Data/MonoBleedingEdge/etc'
Using monoOptions --debugger-agent=transport=dt_socket,embedding=1,server=y,suspend=n,address=127.0.0.1:56868
Begin MonoManager ReloadAssembly
Registering precompiled unity dll's ...
Register platform support module: D:/App/Unity Hub/2021.3.5f1/Editor/Data/PlaybackEngines/WindowsStandaloneSupport/UnityEditor.WindowsStandalone.Extensions.dll
Registered in 0.001211 seconds.
Native extension for WindowsStandalone target not found
Refreshing native plugins compatible for Editor in 53.74 ms, found 3 plugins.
Preloading 0 native plugins for Editor in 0.00 ms.
Mono: successfully reloaded assembly
- Completed reload, in  0.442 seconds
Domain Reload Profiling:
	ReloadAssembly (442ms)
		BeginReloadAssembly (60ms)
			ExecutionOrderSort (0ms)
			DisableScriptedObjects (0ms)
			BackupInstance (0ms)
			ReleaseScriptingObjects (0ms)
			CreateAndSetChildDomain (1ms)
		EndReloadAssembly (314ms)
			LoadAssemblies (59ms)
			RebuildTransferFunctionScriptingTraits (0ms)
			SetupTypeCache (74ms)
			ReleaseScriptCaches (0ms)
			RebuildScriptCaches (18ms)
			SetupLoadedEditorAssemblies (189ms)
				LogAssemblyErrors (0ms)
				InitializePlatformSupportModulesInManaged (5ms)
				SetLoadedEditorAssemblies (0ms)
				RefreshPlugins (54ms)
				BeforeProcessingInitializeOnLoad (1ms)
				ProcessInitializeOnLoadAttributes (96ms)
				ProcessInitializeOnLoadMethodAttributes (33ms)
				AfterProcessingInitializeOnLoad (0ms)
				EditorAssembliesLoaded (0ms)
			ExecutionOrderSort2 (0ms)
			AwakeInstancesAfterBackupRestoration (0ms)
Platform modules already initialized, skipping
Registering precompiled user dll's ...
Registered in 0.003023 seconds.
Begin MonoManager ReloadAssembly
Symbol file LoadedFromMemory doesn't match image D:\Github\Tension\TensionPrototype\Library\PackageCache\com.unity.visualscripting@1.7.8\Editor\VisualScripting.Core\Dependencies\YamlDotNet\Unity.VisualScripting.YamlDotNet.dll
Symbol file LoadedFromMemory doesn't match image D:\Github\Tension\TensionPrototype\Library\PackageCache\com.unity.visualscripting@1.7.8\Editor\VisualScripting.Core\Dependencies\DotNetZip\Unity.VisualScripting.IonicZip.dll
Native extension for WindowsStandalone target not found
Refreshing native plugins compatible for Editor in 0.50 ms, found 3 plugins.
Preloading 0 native plugins for Editor in 0.00 ms.
Mono: successfully reloaded assembly
- Completed reload, in  0.737 seconds
Domain Reload Profiling:
	ReloadAssembly (737ms)
		BeginReloadAssembly (87ms)
			ExecutionOrderSort (0ms)
			DisableScriptedObjects (4ms)
			BackupInstance (0ms)
			ReleaseScriptingObjects (0ms)
			CreateAndSetChildDomain (15ms)
		EndReloadAssembly (578ms)
			LoadAssemblies (69ms)
			RebuildTransferFunctionScriptingTraits (0ms)
			SetupTypeCache (178ms)
			ReleaseScriptCaches (0ms)
			RebuildScriptCaches (37ms)
			SetupLoadedEditorAssemblies (269ms)
				LogAssemblyErrors (0ms)
				InitializePlatformSupportModulesInManaged (3ms)
				SetLoadedEditorAssemblies (0ms)
				RefreshPlugins (1ms)
				BeforeProcessingInitializeOnLoad (64ms)
				ProcessInitializeOnLoadAttributes (178ms)
				ProcessInitializeOnLoadMethodAttributes (20ms)
				AfterProcessingInitializeOnLoad (2ms)
				EditorAssembliesLoaded (0ms)
			ExecutionOrderSort2 (0ms)
			AwakeInstancesAfterBackupRestoration (5ms)
Platform modules already initialized, skipping
========================================================================
Worker process is ready to serve import requests
Launched and connected shader compiler UnityShaderCompiler.exe after 0.03 seconds
Refreshing native plugins compatible for Editor in 0.47 ms, found 3 plugins.
Preloading 0 native plugins for Editor in 0.00 ms.
Unloading 3775 Unused Serialized files (Serialized files now loaded: 0)
Unloading 28 unused Assets / (161.4 KB). Loaded Objects now: 4234.
Memory consumption went from 134.5 MB to 134.3 MB.
Total: 3.740300 ms (FindLiveObjects: 0.356100 ms CreateObjectMapping: 0.160000 ms MarkObjects: 3.082000 ms  DeleteObjects: 0.138100 ms)

AssetImportParameters requested are different than current active one (requested -> active):
  custom:video-decoder-ogg-theora: a1e56fd34408186e4bbccfd4996cb3dc -> 
  custom:container-muxer-webm: aa71ff27fc2769a1b78a27578f13a17b -> 
  custom:container-demuxer-webm: 4f35f7cbe854078d1ac9338744f61a02 -> 
  custom:video-encoder-webm-vp8: eb34c28f22e8b96e1ab97ce403110664 -> 
  custom:audio-encoder-webm-vorbis: bf7c407c2cedff20999df2af8eb42d56 -> 
  custom:framework-win-MediaFoundation: 216162199b28c13a410421893ffa2e32 -> 
  custom:container-demuxer-ogg: 62fdf1f143b41e24485cea50d1cbac27 -> 
  custom:video-decoder-webm-vp8: 9c59270c3fd7afecdb556c50c9e8de78 -> 
  custom:audio-decoder-ogg-vorbis: bf7c407c2cedff20999df2af8eb42d56 -> 
========================================================================
Received Import Request.
  Time since last request: 1252691.331664 seconds.
  path: Assets/Asset
  artifactKey: Guid(8ac7b6821c4a36d4ca04fe4c29fbf21c) Importer(815301076,1909f56bfc062723c751e8b465ee728b)
Start importing Assets/Asset using Guid(8ac7b6821c4a36d4ca04fe4c29fbf21c) Importer(815301076,1909f56bfc062723c751e8b465ee728b)  -> (artifact id: '5bb130381518fd7246ab4494cd3cd110') in 0.008535 seconds 
========================================================================
Received Import Request.
  Time since last request: 10.130083 seconds.
  path: Assets/Asset/New Material.mat
  artifactKey: Guid(54fd154911c4059488c37d619e5391b9) Importer(815301076,1909f56bfc062723c751e8b465ee728b)
Start importing Assets/Asset/New Material.mat using Guid(54fd154911c4059488c37d619e5391b9) Importer(815301076,1909f56bfc062723c751e8b465ee728b)  -> (artifact id: 'c9d7e9eb166ba202e8b8538b59077bd5') in 0.188921 seconds 
========================================================================
Received Import Request.
  Time since last request: 117.524697 seconds.
  path: Assets/Asset/png-clipart-ghost-ghost.png
  artifactKey: Guid(e9e0815334610fa4daf49f7e671f712b) Importer(815301076,1909f56bfc062723c751e8b465ee728b)
Start importing Assets/Asset/png-clipart-ghost-ghost.png using Guid(e9e0815334610fa4daf49f7e671f712b) Importer(815301076,1909f56bfc062723c751e8b465ee728b)  -> (artifact id: '82e63ebbbaa7a4ee4099f4336493ba26') in 0.051449 seconds 
========================================================================
Received Import Request.
  Time since last request: 1.611492 seconds.
  path: Assets/Asset/TexturesCom_MetalPlatesDirty0138_1_S.jpg
  artifactKey: Guid(994e95f5f155e344f8bd090ba1ced3b3) Importer(815301076,1909f56bfc062723c751e8b465ee728b)
Start importing Assets/Asset/TexturesCom_MetalPlatesDirty0138_1_S.jpg using Guid(994e95f5f155e344f8bd090ba1ced3b3) Importer(815301076,1909f56bfc062723c751e8b465ee728b)  -> (artifact id: 'd9315764347381e4d61d105ffaf0cbdf') in 0.019262 seconds 
========================================================================
Received Import Request.
  Time since last request: 1.744567 seconds.
  path: Assets/Asset/TexturesCom_MetalFloorsBare0073_1_S.png
  artifactKey: Guid(30c6508cde18e2946bda74134322e582) Importer(815301076,1909f56bfc062723c751e8b465ee728b)
Start importing Assets/Asset/TexturesCom_MetalFloorsBare0073_1_S.png using Guid(30c6508cde18e2946bda74134322e582) Importer(815301076,1909f56bfc062723c751e8b465ee728b)  -> (artifact id: '4700aa508e2d28560364ab80de6e0318') in 0.015055 seconds 
========================================================================
Received Import Request.
  Time since last request: 1.705586 seconds.
  path: Assets/Asset/TexturesCom_MetalLeaking0083_1_M.jpg
  artifactKey: Guid(d1ca1b8f9a9862e4688183ed7cb2b0d2) Importer(815301076,1909f56bfc062723c751e8b465ee728b)
Start importing Assets/Asset/TexturesCom_MetalLeaking0083_1_M.jpg using Guid(d1ca1b8f9a9862e4688183ed7cb2b0d2) Importer(815301076,1909f56bfc062723c751e8b465ee728b)  -> (artifact id: '1a1558fc99e3aaf5a6b74505afe019a2') in 0.021892 seconds 
========================================================================
Received Import Request.
  Time since last request: 1.284664 seconds.
  path: Assets/Asset/TexturesCom_MetalPlatesDirty0117_S.jpg
  artifactKey: Guid(72b9d815c316b15459e772072b394143) Importer(815301076,1909f56bfc062723c751e8b465ee728b)
Start importing Assets/Asset/TexturesCom_MetalPlatesDirty0117_S.jpg using Guid(72b9d815c316b15459e772072b394143) Importer(815301076,1909f56bfc062723c751e8b465ee728b)  -> (artifact id: 'ce900ac0529c674330cd0e3de7d785ab') in 0.011548 seconds 
========================================================================
Received Import Request.
  Time since last request: 38.104997 seconds.
  path: Assets/Asset/New Render Texture.renderTexture
  artifactKey: Guid(a050171322749c049a889686892ba161) Importer(815301076,1909f56bfc062723c751e8b465ee728b)
Start importing Assets/Asset/New Render Texture.renderTexture using Guid(a050171322749c049a889686892ba161) Importer(815301076,1909f56bfc062723c751e8b465ee728b)  -> (artifact id: '3b6654fb13eb91f630942afcf7e11234') in 0.019615 seconds 
========================================================================
Received Import Request.
  Time since last request: 462.621311 seconds.
  path: Assets/Asset/Ground.mat
  artifactKey: Guid(54fd154911c4059488c37d619e5391b9) Importer(815301076,1909f56bfc062723c751e8b465ee728b)
Start importing Assets/Asset/Ground.mat using Guid(54fd154911c4059488c37d619e5391b9) Importer(815301076,1909f56bfc062723c751e8b465ee728b)  -> (artifact id: '1dfd4112810ae7e36e318be158f2d4d2') in 0.078330 seconds 
========================================================================
Received Import Request.
  Time since last request: 5.137929 seconds.
  path: Assets/Asset/Wall1.mat
  artifactKey: Guid(73b2310c7200c5f43bb4ae9e031a73f6) Importer(815301076,1909f56bfc062723c751e8b465ee728b)
Start importing Assets/Asset/Wall1.mat using Guid(73b2310c7200c5f43bb4ae9e031a73f6) Importer(815301076,1909f56bfc062723c751e8b465ee728b)  -> (artifact id: '7d2cd80df39342dd0eb4fd45f55f7c7a') in 0.011848 seconds 
========================================================================
Received Import Request.
  Time since last request: 146.422410 seconds.
  path: Assets/Asset/Ghost.mat
  artifactKey: Guid(7da071d19da0a8f4a977e2e614e5456f) Importer(815301076,1909f56bfc062723c751e8b465ee728b)
Start importing Assets/Asset/Ghost.mat using Guid(7da071d19da0a8f4a977e2e614e5456f) Importer(815301076,1909f56bfc062723c751e8b465ee728b)  -> (artifact id: '7fd4b80054f01e267447bde7aa86939e') in 0.016774 seconds 
========================================================================
Received Import Request.
  Time since last request: 58.861610 seconds.
  path: Assets/Asset/Ghost.mat
  artifactKey: Guid(7da071d19da0a8f4a977e2e614e5456f) Importer(815301076,1909f56bfc062723c751e8b465ee728b)
Start importing Assets/Asset/Ghost.mat using Guid(7da071d19da0a8f4a977e2e614e5456f) Importer(815301076,1909f56bfc062723c751e8b465ee728b)  -> (artifact id: '9050e95ec31d483174650804531c3076') in 0.014284 seconds 
